SF:D:\dev\projects\its_workspace\OnixCore\OnixCore\Its\Onix\Core\Utils\LogUtils.cs
FN:8,System.Void Its.Onix.Core.Utils.LogUtils::Log(Microsoft.Extensions.Logging.ILogger,Microsoft.Extensions.Logging.LogLevel,System.String,System.Object[])
FNDA:26,System.Void Its.Onix.Core.Utils.LogUtils::Log(Microsoft.Extensions.Logging.ILogger,Microsoft.Extensions.Logging.LogLevel,System.String,System.Object[])
DA:9,26
DA:10,26
DA:11,10
DA:12,10
DA:13,10
DA:14,26
BRDA:10,7,0,10
BRDA:10,7,1,26
FN:16,System.Void Its.Onix.Core.Utils.LogUtils::LogInformation(Microsoft.Extensions.Logging.ILogger,System.String,System.Object[])
FNDA:21,System.Void Its.Onix.Core.Utils.LogUtils::LogInformation(Microsoft.Extensions.Logging.ILogger,System.String,System.Object[])
DA:17,21
DA:18,21
DA:19,21
FN:21,System.Void Its.Onix.Core.Utils.LogUtils::LogError(Microsoft.Extensions.Logging.ILogger,System.String,System.Object[])
FNDA:1,System.Void Its.Onix.Core.Utils.LogUtils::LogError(Microsoft.Extensions.Logging.ILogger,System.String,System.Object[])
DA:22,1
DA:23,1
DA:24,1
FN:26,System.Void Its.Onix.Core.Utils.LogUtils::LogCritical(Microsoft.Extensions.Logging.ILogger,System.String,System.Object[])
FNDA:1,System.Void Its.Onix.Core.Utils.LogUtils::LogCritical(Microsoft.Extensions.Logging.ILogger,System.String,System.Object[])
DA:27,1
DA:28,1
DA:29,1
FN:31,System.Void Its.Onix.Core.Utils.LogUtils::LogWarning(Microsoft.Extensions.Logging.ILogger,System.String,System.Object[])
FNDA:1,System.Void Its.Onix.Core.Utils.LogUtils::LogWarning(Microsoft.Extensions.Logging.ILogger,System.String,System.Object[])
DA:32,1
DA:33,1
DA:34,1
FN:36,System.Void Its.Onix.Core.Utils.LogUtils::LogDebug(Microsoft.Extensions.Logging.ILogger,System.String,System.Object[])
FNDA:1,System.Void Its.Onix.Core.Utils.LogUtils::LogDebug(Microsoft.Extensions.Logging.ILogger,System.String,System.Object[])
DA:37,1
DA:38,1
DA:39,1
FN:41,System.Void Its.Onix.Core.Utils.LogUtils::LogTrace(Microsoft.Extensions.Logging.ILogger,System.String,System.Object[])
FNDA:1,System.Void Its.Onix.Core.Utils.LogUtils::LogTrace(Microsoft.Extensions.Logging.ILogger,System.String,System.Object[])
DA:42,1
DA:43,1
DA:44,1
LF:24
LH:24
BRF:2
BRH:2
FNF:7
FNH:7
end_of_record
SF:D:\dev\projects\its_workspace\OnixCore\OnixCore\Its\Onix\Core\Utils\Serializers\CRoot.cs
FN:21,Its.Onix.Core.Commons.Table.CTable Its.Onix.Core.Utils.Serializers.CRoot::get_Param()
FNDA:13,Its.Onix.Core.Commons.Table.CTable Its.Onix.Core.Utils.Serializers.CRoot::get_Param()
DA:22,13
DA:23,13
DA:24,13
FN:26,System.Void Its.Onix.Core.Utils.Serializers.CRoot::set_Param(Its.Onix.Core.Commons.Table.CTable)
FNDA:13,System.Void Its.Onix.Core.Utils.Serializers.CRoot::set_Param(Its.Onix.Core.Commons.Table.CTable)
DA:27,13
DA:28,13
DA:29,13
FN:34,Its.Onix.Core.Commons.Table.CTable Its.Onix.Core.Utils.Serializers.CRoot::get_Data()
FNDA:13,Its.Onix.Core.Commons.Table.CTable Its.Onix.Core.Utils.Serializers.CRoot::get_Data()
DA:35,13
DA:36,13
DA:37,13
FN:39,System.Void Its.Onix.Core.Utils.Serializers.CRoot::set_Data(Its.Onix.Core.Commons.Table.CTable)
FNDA:13,System.Void Its.Onix.Core.Utils.Serializers.CRoot::set_Data(Its.Onix.Core.Commons.Table.CTable)
DA:40,13
DA:41,13
DA:42,13
FN:9,System.Void Its.Onix.Core.Utils.Serializers.CRoot::.ctor(Its.Onix.Core.Commons.Table.CTable,Its.Onix.Core.Commons.Table.CTable)
FNDA:14,System.Void Its.Onix.Core.Utils.Serializers.CRoot::.ctor(Its.Onix.Core.Commons.Table.CTable,Its.Onix.Core.Commons.Table.CTable)
DA:10,14
DA:11,14
DA:13,14
DA:14,14
DA:15,14
DA:16,14
DA:17,14
LF:19
LH:19
BRF:0
BRH:0
FNF:5
FNH:5
end_of_record
SF:D:\dev\projects\its_workspace\OnixCore\OnixCore\Its\Onix\Core\Utils\Serializers\CTableToXml.cs
FN:18,System.String Its.Onix.Core.Utils.Serializers.CTableToXml::Serialize()
FNDA:4,System.String Its.Onix.Core.Utils.Serializers.CTableToXml::Serialize()
DA:19,4
DA:20,4
DA:21,4
DA:22,4
FN:24,System.Xml.XmlElement Its.Onix.Core.Utils.Serializers.CTableToXml::createElementFromTable(System.Xml.XmlDocument,Its.Onix.Core.Commons.Table.CTable)
FNDA:12,System.Xml.XmlElement Its.Onix.Core.Utils.Serializers.CTableToXml::createElementFromTable(System.Xml.XmlDocument,Its.Onix.Core.Commons.Table.CTable)
DA:25,12
DA:26,12
DA:27,12
DA:28,12
DA:30,68
DA:31,16
DA:32,16
DA:33,16
DA:34,16
DA:35,16
DA:37,16
DA:38,16
DA:40,12
DA:41,40
DA:42,2
DA:43,2
DA:45,2
DA:46,2
DA:47,2
DA:49,14
DA:50,4
DA:52,4
DA:53,4
DA:54,4
DA:55,2
DA:57,12
DA:58,12
BRDA:30,130,1,16
BRDA:30,130,0,12
BRDA:41,338,1,2
BRDA:49,304,1,4
BRDA:49,304,0,2
BRDA:41,338,0,12
FN:60,System.String Its.Onix.Core.Utils.Serializers.CTableToXml::createXMLString(Its.Onix.Core.Utils.Serializers.CRoot)
FNDA:4,System.String Its.Onix.Core.Utils.Serializers.CTableToXml::createXMLString(Its.Onix.Core.Utils.Serializers.CRoot)
DA:61,4
DA:62,4
DA:63,4
DA:64,4
DA:65,4
DA:67,4
DA:69,4
DA:70,4
DA:72,4
DA:73,4
DA:75,4
DA:76,4
DA:77,4
FN:10,System.Void Its.Onix.Core.Utils.Serializers.CTableToXml::.ctor(Its.Onix.Core.Utils.Serializers.CRoot)
FNDA:4,System.Void Its.Onix.Core.Utils.Serializers.CTableToXml::.ctor(Its.Onix.Core.Utils.Serializers.CRoot)
DA:11,4
DA:13,4
DA:14,4
DA:15,4
DA:16,4
LF:49
LH:49
BRF:6
BRH:6
FNF:4
FNH:4
end_of_record
SF:D:\dev\projects\its_workspace\OnixCore\OnixCore\Its\Onix\Core\Utils\Serializers\XmlToCTable.cs
FN:18,Its.Onix.Core.Utils.Serializers.CRoot Its.Onix.Core.Utils.Serializers.XmlToCTable::Deserialize()
FNDA:14,Its.Onix.Core.Utils.Serializers.CRoot Its.Onix.Core.Utils.Serializers.XmlToCTable::Deserialize()
DA:19,14
DA:20,14
DA:21,14
DA:22,14
FN:24,Its.Onix.Core.Utils.Serializers.CRoot Its.Onix.Core.Utils.Serializers.XmlToCTable::XMLToRootObject()
FNDA:14,Its.Onix.Core.Utils.Serializers.CRoot Its.Onix.Core.Utils.Serializers.XmlToCTable::XMLToRootObject()
DA:25,14
DA:26,14
DA:28,14
DA:29,14
DA:30,14
DA:31,13
DA:32,13
DA:33,1
DA:34,1
DA:35,1
DA:36,1
DA:38,1
DA:39,1
DA:41,1
DA:42,1
DA:44,14
DA:45,14
FN:48,Its.Onix.Core.Commons.Table.CTable Its.Onix.Core.Utils.Serializers.XmlToCTable::populateTableObject(System.Xml.XmlNode)
FNDA:38,Its.Onix.Core.Commons.Table.CTable Its.Onix.Core.Utils.Serializers.XmlToCTable::populateTableObject(System.Xml.XmlNode)
DA:49,38
DA:50,38
DA:52,226
DA:53,56
DA:54,56
DA:55,50
DA:56,50
DA:57,50
DA:58,6
DA:59,6
DA:60,6
DA:62,6
DA:63,6
DA:65,42
DA:66,12
DA:68,12
DA:69,12
DA:71,12
DA:72,12
DA:73,12
DA:74,12
DA:75,6
DA:76,56
DA:78,38
DA:79,38
BRDA:52,305,1,56
BRDA:54,77,0,50
BRDA:54,77,1,6
BRDA:58,140,0,6
BRDA:65,271,1,12
BRDA:68,239,0,12
BRDA:68,239,1,12
BRDA:65,271,0,6
BRDA:58,140,1,56
BRDA:52,305,0,38
FN:81,Its.Onix.Core.Utils.Serializers.CRoot Its.Onix.Core.Utils.Serializers.XmlToCTable::getRootObject(System.Xml.XmlNode)
FNDA:13,Its.Onix.Core.Utils.Serializers.CRoot Its.Onix.Core.Utils.Serializers.XmlToCTable::getRootObject(System.Xml.XmlNode)
DA:82,13
DA:83,13
DA:84,13
DA:85,13
DA:87,13
DA:88,91
DA:89,26
DA:90,26
DA:91,13
DA:92,13
DA:93,13
DA:94,13
DA:95,13
DA:96,13
DA:97,13
DA:99,26
DA:100,26
DA:102,13
DA:103,13
DA:105,13
DA:106,13
BRDA:88,102,1,26
BRDA:90,54,0,13
BRDA:90,54,1,13
BRDA:94,77,0,13
BRDA:94,77,1,26
BRDA:88,102,0,13
FN:12,System.Void Its.Onix.Core.Utils.Serializers.XmlToCTable::.ctor(System.String)
FNDA:14,System.Void Its.Onix.Core.Utils.Serializers.XmlToCTable::.ctor(System.String)
DA:13,14
DA:14,14
DA:15,14
DA:16,14
LF:71
LH:71
BRF:16
BRH:16
FNF:5
FNH:5
end_of_record
SF:D:\dev\projects\its_workspace\OnixCore\OnixCore\Its\Onix\Core\Storages\FirebaseStorageContext.cs
FN:23,System.Void Its.Onix.Core.Storages.FirebaseStorageContext::AuthenToFirebase()
FNDA:5,System.Void Its.Onix.Core.Storages.FirebaseStorageContext::AuthenToFirebase()
DA:24,5
DA:25,5
DA:26,5
DA:27,5
DA:28,7
DA:29,5
DA:30,5
DA:32,5
DA:33,5
FN:50,System.Void Its.Onix.Core.Storages.FirebaseStorageContext::Authenticate(System.String,System.String,System.String,System.String)
FNDA:5,System.Void Its.Onix.Core.Storages.FirebaseStorageContext::Authenticate(System.String,System.String,System.String,System.String)
DA:51,5
DA:52,5
DA:53,5
DA:54,5
DA:55,5
DA:57,5
DA:58,5
FN:60,System.String Its.Onix.Core.Storages.FirebaseStorageContext::UploadFile(System.String,System.String)
FNDA:1,System.String Its.Onix.Core.Storages.FirebaseStorageContext::UploadFile(System.String,System.String)
DA:61,1
DA:62,1
DA:63,1
DA:64,1
DA:65,1
DA:66,1
FN:68,System.String Its.Onix.Core.Storages.FirebaseStorageContext::UploadFile(System.String,System.IO.Stream)
FNDA:2,System.String Its.Onix.Core.Storages.FirebaseStorageContext::UploadFile(System.String,System.IO.Stream)
DA:69,2
DA:70,2
DA:71,2
DA:72,2
DA:73,2
FN:75,System.Void Its.Onix.Core.Storages.FirebaseStorageContext::DownloadFile(System.String,System.String)
FNDA:2,System.Void Its.Onix.Core.Storages.FirebaseStorageContext::DownloadFile(System.String,System.String)
DA:76,2
DA:78,2
FN:80,System.Void Its.Onix.Core.Storages.FirebaseStorageContext::SetLogger(Microsoft.Extensions.Logging.ILogger)
FNDA:1,System.Void Its.Onix.Core.Storages.FirebaseStorageContext::SetLogger(Microsoft.Extensions.Logging.ILogger)
DA:81,1
DA:82,1
DA:83,1
FN:85,Microsoft.Extensions.Logging.ILogger Its.Onix.Core.Storages.FirebaseStorageContext::GetLogger()
FNDA:1,Microsoft.Extensions.Logging.ILogger Its.Onix.Core.Storages.FirebaseStorageContext::GetLogger()
DA:86,1
DA:87,1
DA:88,1
FN:15,System.Void Its.Onix.Core.Storages.FirebaseStorageContext::.ctor()
FNDA:6,System.Void Its.Onix.Core.Storages.FirebaseStorageContext::.ctor()
DA:16,6
DA:18,6
DA:19,6
DA:20,6
DA:21,6
FN:35,System.Void Its.Onix.Core.Storages.FirebaseStorageContext/<LoginAsync>d__7::MoveNext()
FNDA:2,System.Void Its.Onix.Core.Storages.FirebaseStorageContext/<LoginAsync>d__7::MoveNext()
DA:36,2
DA:37,2
DA:38,2
DA:39,2
BRDA:37,61,0,2
BRDA:37,61,1,2
FN:41,System.Void Its.Onix.Core.Storages.FirebaseStorageContext/<UploadStorageData>d__8::MoveNext()
FNDA:2,System.Void Its.Onix.Core.Storages.FirebaseStorageContext/<UploadStorageData>d__8::MoveNext()
DA:42,2
DA:43,2
DA:44,2
DA:45,2
DA:47,2
DA:48,2
BRDA:43,61,0,2
BRDA:43,61,1,2
LF:50
LH:50
BRF:4
BRH:4
FNF:10
FNH:10
end_of_record
SF:D:\dev\projects\its_workspace\OnixCore\OnixCore\Its\Onix\Core\Smtp\Mail.cs
FN:6,System.String Its.Onix.Core.Smtp.Mail::get_From()
FNDA:4,System.String Its.Onix.Core.Smtp.Mail::get_From()
DA:7,4
FN:7,System.String Its.Onix.Core.Smtp.Mail::get_FromName()
FNDA:5,System.String Its.Onix.Core.Smtp.Mail::get_FromName()
DA:8,5
FN:8,System.String Its.Onix.Core.Smtp.Mail::get_To()
FNDA:4,System.String Its.Onix.Core.Smtp.Mail::get_To()
DA:9,4
FN:9,System.String Its.Onix.Core.Smtp.Mail::get_CC()
FNDA:2,System.String Its.Onix.Core.Smtp.Mail::get_CC()
DA:10,2
FN:10,System.String Its.Onix.Core.Smtp.Mail::get_BCC()
FNDA:2,System.String Its.Onix.Core.Smtp.Mail::get_BCC()
DA:11,2
FN:11,System.String Its.Onix.Core.Smtp.Mail::get_Body()
FNDA:4,System.String Its.Onix.Core.Smtp.Mail::get_Body()
DA:12,4
FN:12,System.String Its.Onix.Core.Smtp.Mail::get_Subject()
FNDA:4,System.String Its.Onix.Core.Smtp.Mail::get_Subject()
DA:13,4
FN:13,System.Boolean Its.Onix.Core.Smtp.Mail::get_IsHtmlContent()
FNDA:2,System.Boolean Its.Onix.Core.Smtp.Mail::get_IsHtmlContent()
DA:14,2
LF:8
LH:8
BRF:0
BRH:0
FNF:8
FNH:8
end_of_record
SF:D:\dev\projects\its_workspace\OnixCore\OnixCore\Its\Onix\Core\Smtp\SendGridSmtpContext.cs
FN:6,System.Void Its.Onix.Core.Smtp.SendGridSmtpContext::.ctor()
FNDA:3,System.Void Its.Onix.Core.Smtp.SendGridSmtpContext::.ctor()
DA:7,3
DA:8,3
DA:9,3
LF:3
LH:3
BRF:0
BRH:0
FNF:1
FNH:1
end_of_record
SF:D:\dev\projects\its_workspace\OnixCore\OnixCore\Its\Onix\Core\Smtp\SmtpContextBase.cs
FN:22,System.Void Its.Onix.Core.Smtp.SmtpContextBase::SetSmtpConfigByEnv(System.String,System.String,System.String,System.String)
FNDA:2,System.Void Its.Onix.Core.Smtp.SmtpContextBase::SetSmtpConfigByEnv(System.String,System.String,System.String,System.String)
DA:23,2
DA:24,2
DA:25,2
DA:26,2
DA:27,2
DA:29,2
DA:30,2
FN:32,System.Void Its.Onix.Core.Smtp.SmtpContextBase::SetSmtpConfig(System.String,System.Int32,System.String,System.String)
FNDA:2,System.Void Its.Onix.Core.Smtp.SmtpContextBase::SetSmtpConfig(System.String,System.Int32,System.String,System.String)
DA:33,2
DA:34,2
DA:35,2
DA:36,2
DA:37,2
DA:38,2
FN:40,System.Void Its.Onix.Core.Smtp.SmtpContextBase::Send(Its.Onix.Core.Smtp.Mail)
FNDA:2,System.Void Its.Onix.Core.Smtp.SmtpContextBase::Send(Its.Onix.Core.Smtp.Mail)
DA:41,2
DA:42,2
DA:43,2
DA:44,2
DA:46,2
DA:47,2
DA:48,1
DA:49,1
DA:50,1
DA:52,1
DA:53,1
DA:54,1
DA:55,2
DA:56,2
DA:57,2
DA:58,2
DA:59,2
BRDA:47,68,0,1
BRDA:47,68,1,1
FN:61,System.Void Its.Onix.Core.Smtp.SmtpContextBase::SetLogger(Microsoft.Extensions.Logging.ILogger)
FNDA:3,System.Void Its.Onix.Core.Smtp.SmtpContextBase::SetLogger(Microsoft.Extensions.Logging.ILogger)
DA:62,3
DA:63,3
DA:64,3
FN:66,Microsoft.Extensions.Logging.ILogger Its.Onix.Core.Smtp.SmtpContextBase::GetLogger()
FNDA:1,Microsoft.Extensions.Logging.ILogger Its.Onix.Core.Smtp.SmtpContextBase::GetLogger()
DA:67,1
DA:68,1
DA:69,1
FN:12,System.Void Its.Onix.Core.Smtp.SmtpContextBase::.ctor()
FNDA:3,System.Void Its.Onix.Core.Smtp.SmtpContextBase::.ctor()
DA:13,3
DA:14,3
DA:15,3
DA:16,3
DA:18,3
DA:19,3
DA:20,3
LF:43
LH:43
BRF:2
BRH:2
FNF:6
FNH:6
end_of_record
SF:D:\dev\projects\its_workspace\OnixCore\OnixCore\Its\Onix\Core\NoSQL\FirebaseNoSqlContext.cs
FN:46,Firebase.Database.FirebaseClient Its.Onix.Core.NoSQL.FirebaseNoSqlContext::GetFirebaseRefresh()
FNDA:14,Firebase.Database.FirebaseClient Its.Onix.Core.NoSQL.FirebaseNoSqlContext::GetFirebaseRefresh()
DA:47,14
DA:48,14
DA:49,14
DA:51,14
DA:52,2
DA:53,2
DA:54,2
DA:56,14
DA:57,14
BRDA:51,40,0,2
BRDA:51,40,1,14
FN:132,System.DateTime Its.Onix.Core.NoSQL.FirebaseNoSqlContext::GetLastRefreshDtm()
FNDA:6,System.DateTime Its.Onix.Core.NoSQL.FirebaseNoSqlContext::GetLastRefreshDtm()
DA:133,6
DA:134,6
DA:135,6
FN:137,System.Void Its.Onix.Core.NoSQL.FirebaseNoSqlContext::SetLastRefreshDtm(System.DateTime)
FNDA:3,System.Void Its.Onix.Core.NoSQL.FirebaseNoSqlContext::SetLastRefreshDtm(System.DateTime)
DA:138,3
DA:139,3
DA:140,3
FN:142,System.Void Its.Onix.Core.NoSQL.FirebaseNoSqlContext::SetRefreshInterval(System.Int64)
FNDA:4,System.Void Its.Onix.Core.NoSQL.FirebaseNoSqlContext::SetRefreshInterval(System.Int64)
DA:143,4
DA:144,4
DA:145,4
FN:147,System.Void Its.Onix.Core.NoSQL.FirebaseNoSqlContext::Authenticate(System.String,System.String,System.String,System.String)
FNDA:14,System.Void Its.Onix.Core.NoSQL.FirebaseNoSqlContext::Authenticate(System.String,System.String,System.String,System.String)
DA:148,14
DA:149,14
DA:150,14
DA:151,14
DA:152,14
DA:154,14
DA:155,13
FN:157,System.String Its.Onix.Core.NoSQL.FirebaseNoSqlContext::PostData(System.String,System.Object)
FNDA:8,System.String Its.Onix.Core.NoSQL.FirebaseNoSqlContext::PostData(System.String,System.Object)
DA:158,8
DA:159,8
DA:160,7
DA:161,7
FN:163,System.Object Its.Onix.Core.NoSQL.FirebaseNoSqlContext::PutData(System.String,System.String,System.Object)
FNDA:1,System.Object Its.Onix.Core.NoSQL.FirebaseNoSqlContext::PutData(System.String,System.String,System.Object)
DA:164,1
DA:165,1
DA:166,1
DA:167,1
FN:169,System.Int32 Its.Onix.Core.NoSQL.FirebaseNoSqlContext::DeleteData(System.String,Its.Onix.Core.Commons.Model.BaseModel)
FNDA:1,System.Int32 Its.Onix.Core.NoSQL.FirebaseNoSqlContext::DeleteData(System.String,Its.Onix.Core.Commons.Model.BaseModel)
DA:170,1
DA:171,1
DA:172,1
DA:173,1
FN:175,T Its.Onix.Core.NoSQL.FirebaseNoSqlContext::GetObjectByKey(System.String)
FNDA:1,T Its.Onix.Core.NoSQL.FirebaseNoSqlContext::GetObjectByKey(System.String)
DA:176,1
DA:177,1
DA:178,1
DA:179,1
FN:181,T Its.Onix.Core.NoSQL.FirebaseNoSqlContext::GetSingleObject(System.String,System.String)
FNDA:1,T Its.Onix.Core.NoSQL.FirebaseNoSqlContext::GetSingleObject(System.String,System.String)
DA:182,1
DA:183,1
DA:184,1
DA:185,1
FN:187,System.Collections.Generic.IEnumerable`1<T> Its.Onix.Core.NoSQL.FirebaseNoSqlContext::GetObjectList(System.String)
FNDA:2,System.Collections.Generic.IEnumerable`1<T> Its.Onix.Core.NoSQL.FirebaseNoSqlContext::GetObjectList(System.String)
DA:188,2
DA:189,2
DA:190,2
DA:191,2
FN:193,System.Void Its.Onix.Core.NoSQL.FirebaseNoSqlContext::SetLogger(Microsoft.Extensions.Logging.ILogger)
FNDA:4,System.Void Its.Onix.Core.NoSQL.FirebaseNoSqlContext::SetLogger(Microsoft.Extensions.Logging.ILogger)
DA:194,4
DA:195,4
DA:196,4
FN:198,Microsoft.Extensions.Logging.ILogger Its.Onix.Core.NoSQL.FirebaseNoSqlContext::GetLogger()
FNDA:3,Microsoft.Extensions.Logging.ILogger Its.Onix.Core.NoSQL.FirebaseNoSqlContext::GetLogger()
DA:199,3
DA:200,3
DA:201,3
FN:18,System.Void Its.Onix.Core.NoSQL.FirebaseNoSqlContext::.ctor()
FNDA:16,System.Void Its.Onix.Core.NoSQL.FirebaseNoSqlContext::.ctor()
DA:19,16
DA:20,16
DA:22,16
DA:23,16
DA:24,16
DA:25,16
DA:26,16
FN:36,System.Threading.Tasks.Task`1<System.String> Its.Onix.Core.NoSQL.FirebaseNoSqlContext/<>c__DisplayClass8_0::<AuthenToFirebase>b__0()
FNDA:28,System.Threading.Tasks.Task`1<System.String> Its.Onix.Core.NoSQL.FirebaseNoSqlContext/<>c__DisplayClass8_0::<AuthenToFirebase>b__0()
DA:37,28
FN:28,System.Void Its.Onix.Core.NoSQL.FirebaseNoSqlContext/<AuthenToFirebase>d__8::MoveNext()
FNDA:16,System.Void Its.Onix.Core.NoSQL.FirebaseNoSqlContext/<AuthenToFirebase>d__8::MoveNext()
DA:29,16
DA:30,16
DA:31,16
DA:33,15
DA:34,15
DA:35,15
DA:36,15
DA:38,15
DA:40,15
DA:41,15
DA:43,15
DA:44,15
BRDA:31,99,0,16
BRDA:31,99,1,16
FN:59,System.Void Its.Onix.Core.NoSQL.FirebaseNoSqlContext/<PostFirebaseData>d__10::MoveNext()
FNDA:8,System.Void Its.Onix.Core.NoSQL.FirebaseNoSqlContext/<PostFirebaseData>d__10::MoveNext()
DA:60,8
DA:61,8
DA:62,8
DA:63,8
DA:65,7
DA:66,7
BRDA:61,62,0,7
BRDA:61,62,1,7
FN:68,System.Void Its.Onix.Core.NoSQL.FirebaseNoSqlContext/<PutFirebaseData>d__11::MoveNext()
FNDA:1,System.Void Its.Onix.Core.NoSQL.FirebaseNoSqlContext/<PutFirebaseData>d__11::MoveNext()
DA:69,1
DA:70,1
DA:71,1
DA:72,1
DA:73,1
DA:74,1
BRDA:70,72,0,1
BRDA:70,72,1,1
FN:76,System.Void Its.Onix.Core.NoSQL.FirebaseNoSqlContext/<DeleteFirebaseData>d__12::MoveNext()
FNDA:1,System.Void Its.Onix.Core.NoSQL.FirebaseNoSqlContext/<DeleteFirebaseData>d__12::MoveNext()
DA:77,1
DA:78,1
DA:79,1
DA:80,1
DA:81,1
DA:82,1
BRDA:78,75,0,1
BRDA:78,75,1,1
FN:84,System.Void Its.Onix.Core.NoSQL.FirebaseNoSqlContext/<GetFirebaseData>d__13`1::MoveNext()
FNDA:1,System.Void Its.Onix.Core.NoSQL.FirebaseNoSqlContext/<GetFirebaseData>d__13`1::MoveNext()
DA:85,1
DA:86,1
DA:87,1
DA:88,1
DA:89,1
DA:90,1
DA:92,1
DA:93,5
DA:94,1
DA:95,1
DA:96,1
DA:97,1
DA:99,1
DA:100,1
BRDA:85,8,0,1
BRDA:86,75,0,1
BRDA:85,8,1,1
BRDA:86,75,1,1
BRDA:93,296,1,1
BRDA:93,296,0,1
FN:102,System.Void Its.Onix.Core.NoSQL.FirebaseNoSqlContext/<GetFirebaseSingleData>d__14`1::MoveNext()
FNDA:1,System.Void Its.Onix.Core.NoSQL.FirebaseNoSqlContext/<GetFirebaseSingleData>d__14`1::MoveNext()
DA:103,1
DA:104,1
DA:105,1
DA:106,1
DA:107,1
DA:109,1
DA:110,1
BRDA:103,8,0,1
BRDA:104,75,0,1
BRDA:103,8,1,1
BRDA:104,75,1,1
FN:112,System.Void Its.Onix.Core.NoSQL.FirebaseNoSqlContext/<ListFirebaseData>d__15`1::MoveNext()
FNDA:2,System.Void Its.Onix.Core.NoSQL.FirebaseNoSqlContext/<ListFirebaseData>d__15`1::MoveNext()
DA:113,2
DA:114,2
DA:116,2
DA:117,2
DA:118,2
DA:119,2
DA:121,78
DA:122,36
DA:123,36
DA:124,36
DA:126,36
DA:127,36
DA:129,2
DA:130,2
BRDA:113,8,0,2
BRDA:116,80,0,2
BRDA:113,8,1,2
BRDA:116,80,1,2
BRDA:121,319,1,36
BRDA:121,319,0,2
LF:128
LH:128
BRF:26
BRH:26
FNF:22
FNH:22
end_of_record
SF:D:\dev\projects\its_workspace\OnixCore\OnixCore\Its\Onix\Core\Factories\FactoryApplicationContext.cs
FN:21,System.Void Its.Onix.Core.Factories.FactoryApplicationContext::ClearRegisteredItems()
FNDA:1,System.Void Its.Onix.Core.Factories.FactoryApplicationContext::ClearRegisteredItems()
DA:22,1
DA:23,1
DA:24,1
FN:26,System.Void Its.Onix.Core.Factories.FactoryApplicationContext::RegisterApplication(System.Reflection.Assembly,System.String,System.String)
FNDA:1,System.Void Its.Onix.Core.Factories.FactoryApplicationContext::RegisterApplication(System.Reflection.Assembly,System.String,System.String)
DA:27,1
DA:28,1
DA:29,1
FN:31,System.Void Its.Onix.Core.Factories.FactoryApplicationContext::RegisterApplications(System.Collections.Generic.Dictionary`2<System.String,Its.Onix.Core.Commons.Plugin.PluginEntry>)
FNDA:1,System.Void Its.Onix.Core.Factories.FactoryApplicationContext::RegisterApplications(System.Collections.Generic.Dictionary`2<System.String,Its.Onix.Core.Commons.Plugin.PluginEntry>)
DA:32,1
DA:33,1
DA:34,1
FN:36,Its.Onix.Core.Applications.IApplication Its.Onix.Core.Factories.FactoryApplicationContext::CreateApplicationObject(System.String)
FNDA:2,Its.Onix.Core.Applications.IApplication Its.Onix.Core.Factories.FactoryApplicationContext::CreateApplicationObject(System.String)
DA:37,2
DA:38,2
DA:39,1
DA:40,1
DA:44,1
DA:46,1
DA:47,1
DA:49,1
DA:50,1
DA:51,1
DA:52,1
DA:53,1
DA:54,1
DA:56,1
DA:57,1
BRDA:38,17,0,1
BRDA:38,17,1,1
BRDA:49,96,0,1
BRDA:49,96,1,1
FN:59,System.Void Its.Onix.Core.Factories.FactoryApplicationContext::SetLoggerFactory(Microsoft.Extensions.Logging.ILoggerFactory)
FNDA:1,System.Void Its.Onix.Core.Factories.FactoryApplicationContext::SetLoggerFactory(Microsoft.Extensions.Logging.ILoggerFactory)
DA:60,1
DA:61,1
DA:62,1
FN:13,System.Void Its.Onix.Core.Factories.FactoryApplicationContext::.cctor()
FNDA:1,System.Void Its.Onix.Core.Factories.FactoryApplicationContext::.cctor()
DA:14,1
DA:15,1
DA:18,1
DA:19,1
LF:31
LH:31
BRF:4
BRH:4
FNF:6
FNH:6
end_of_record
SF:D:\dev\projects\its_workspace\OnixCore\OnixCore\Its\Onix\Core\Factories\FactoryBusinessOperation.cs
FN:18,Its.Onix.Core.NoSQL.INoSqlContext Its.Onix.Core.Factories.ContextGroup::get_NoSqlContext()
FNDA:9,Its.Onix.Core.NoSQL.INoSqlContext Its.Onix.Core.Factories.ContextGroup::get_NoSqlContext()
DA:19,9
FN:19,Its.Onix.Core.Storages.IStorageContext Its.Onix.Core.Factories.ContextGroup::get_StorageContext()
FNDA:9,Its.Onix.Core.Storages.IStorageContext Its.Onix.Core.Factories.ContextGroup::get_StorageContext()
DA:20,9
FN:20,Its.Onix.Core.Smtp.ISmtpContext Its.Onix.Core.Factories.ContextGroup::get_SmtpContext()
FNDA:9,Its.Onix.Core.Smtp.ISmtpContext Its.Onix.Core.Factories.ContextGroup::get_SmtpContext()
DA:21,9
FN:21,Its.Onix.Core.Databases.BaseDbContext Its.Onix.Core.Factories.ContextGroup::get_DatabaseContext()
FNDA:9,Its.Onix.Core.Databases.BaseDbContext Its.Onix.Core.Factories.ContextGroup::get_DatabaseContext()
DA:22,9
FN:36,System.Void Its.Onix.Core.Factories.FactoryBusinessOperation::ClearRegisteredItems()
FNDA:1,System.Void Its.Onix.Core.Factories.FactoryBusinessOperation::ClearRegisteredItems()
DA:37,1
DA:38,1
DA:39,1
FN:41,System.Void Its.Onix.Core.Factories.FactoryBusinessOperation::RegisterBusinessOperation(System.Reflection.Assembly,System.String,System.String)
FNDA:1,System.Void Its.Onix.Core.Factories.FactoryBusinessOperation::RegisterBusinessOperation(System.Reflection.Assembly,System.String,System.String)
DA:42,1
DA:43,1
DA:44,1
FN:46,System.Void Its.Onix.Core.Factories.FactoryBusinessOperation::RegisterBusinessOperations(System.Collections.Generic.Dictionary`2<System.String,Its.Onix.Core.Commons.Plugin.PluginEntry>)
FNDA:1,System.Void Its.Onix.Core.Factories.FactoryBusinessOperation::RegisterBusinessOperations(System.Collections.Generic.Dictionary`2<System.String,Its.Onix.Core.Commons.Plugin.PluginEntry>)
DA:47,1
DA:48,1
DA:49,1
FN:51,Its.Onix.Core.Factories.ContextGroup Its.Onix.Core.Factories.FactoryBusinessOperation::GetContextGroup(System.String)
FNDA:21,Its.Onix.Core.Factories.ContextGroup Its.Onix.Core.Factories.FactoryBusinessOperation::GetContextGroup(System.String)
DA:52,21
DA:53,21
DA:54,21
DA:55,19
DA:56,19
DA:57,19
DA:59,2
DA:60,2
DA:61,2
DA:62,2
DA:64,21
DA:65,21
BRDA:54,16,0,19
BRDA:54,16,1,2
FN:68,System.Void Its.Onix.Core.Factories.FactoryBusinessOperation::SetNoSqlContext(System.String,Its.Onix.Core.NoSQL.INoSqlContext)
FNDA:1,System.Void Its.Onix.Core.Factories.FactoryBusinessOperation::SetNoSqlContext(System.String,Its.Onix.Core.NoSQL.INoSqlContext)
DA:69,1
DA:70,1
DA:71,1
DA:72,1
FN:74,Its.Onix.Core.NoSQL.INoSqlContext Its.Onix.Core.Factories.FactoryBusinessOperation::GetNoSqlContext(System.String)
FNDA:1,Its.Onix.Core.NoSQL.INoSqlContext Its.Onix.Core.Factories.FactoryBusinessOperation::GetNoSqlContext(System.String)
DA:75,1
DA:76,1
DA:77,1
DA:78,1
FN:80,System.Void Its.Onix.Core.Factories.FactoryBusinessOperation::SetNoSqlContext(Its.Onix.Core.NoSQL.INoSqlContext)
FNDA:1,System.Void Its.Onix.Core.Factories.FactoryBusinessOperation::SetNoSqlContext(Its.Onix.Core.NoSQL.INoSqlContext)
DA:81,1
DA:82,1
DA:83,1
DA:84,1
FN:86,Its.Onix.Core.NoSQL.INoSqlContext Its.Onix.Core.Factories.FactoryBusinessOperation::GetNoSqlContext()
FNDA:1,Its.Onix.Core.NoSQL.INoSqlContext Its.Onix.Core.Factories.FactoryBusinessOperation::GetNoSqlContext()
DA:87,1
DA:88,1
DA:89,1
DA:90,1
FN:95,System.Void Its.Onix.Core.Factories.FactoryBusinessOperation::SetStorageContext(System.String,Its.Onix.Core.Storages.IStorageContext)
FNDA:1,System.Void Its.Onix.Core.Factories.FactoryBusinessOperation::SetStorageContext(System.String,Its.Onix.Core.Storages.IStorageContext)
DA:96,1
DA:97,1
DA:98,1
DA:99,1
FN:101,Its.Onix.Core.Storages.IStorageContext Its.Onix.Core.Factories.FactoryBusinessOperation::GetStorageContext(System.String)
FNDA:1,Its.Onix.Core.Storages.IStorageContext Its.Onix.Core.Factories.FactoryBusinessOperation::GetStorageContext(System.String)
DA:102,1
DA:103,1
DA:104,1
DA:105,1
FN:107,System.Void Its.Onix.Core.Factories.FactoryBusinessOperation::SetStorageContext(Its.Onix.Core.Storages.IStorageContext)
FNDA:1,System.Void Its.Onix.Core.Factories.FactoryBusinessOperation::SetStorageContext(Its.Onix.Core.Storages.IStorageContext)
DA:108,1
DA:109,1
DA:110,1
DA:111,1
FN:113,Its.Onix.Core.Storages.IStorageContext Its.Onix.Core.Factories.FactoryBusinessOperation::GetStorageContext()
FNDA:1,Its.Onix.Core.Storages.IStorageContext Its.Onix.Core.Factories.FactoryBusinessOperation::GetStorageContext()
DA:114,1
DA:115,1
DA:116,1
DA:117,1
FN:122,System.Void Its.Onix.Core.Factories.FactoryBusinessOperation::SetSmtpContext(System.String,Its.Onix.Core.Smtp.ISmtpContext)
FNDA:1,System.Void Its.Onix.Core.Factories.FactoryBusinessOperation::SetSmtpContext(System.String,Its.Onix.Core.Smtp.ISmtpContext)
DA:123,1
DA:124,1
DA:125,1
DA:126,1
FN:128,Its.Onix.Core.Smtp.ISmtpContext Its.Onix.Core.Factories.FactoryBusinessOperation::GetSmtpContext(System.String)
FNDA:1,Its.Onix.Core.Smtp.ISmtpContext Its.Onix.Core.Factories.FactoryBusinessOperation::GetSmtpContext(System.String)
DA:129,1
DA:130,1
DA:131,1
DA:132,1
FN:134,System.Void Its.Onix.Core.Factories.FactoryBusinessOperation::SetSmtpContext(Its.Onix.Core.Smtp.ISmtpContext)
FNDA:1,System.Void Its.Onix.Core.Factories.FactoryBusinessOperation::SetSmtpContext(Its.Onix.Core.Smtp.ISmtpContext)
DA:135,1
DA:136,1
DA:137,1
DA:138,1
FN:140,Its.Onix.Core.Smtp.ISmtpContext Its.Onix.Core.Factories.FactoryBusinessOperation::GetSmtpContext()
FNDA:1,Its.Onix.Core.Smtp.ISmtpContext Its.Onix.Core.Factories.FactoryBusinessOperation::GetSmtpContext()
DA:141,1
DA:142,1
DA:143,1
DA:144,1
FN:150,System.Void Its.Onix.Core.Factories.FactoryBusinessOperation::SetDatabaseContext(System.String,Its.Onix.Core.Databases.BaseDbContext)
FNDA:1,System.Void Its.Onix.Core.Factories.FactoryBusinessOperation::SetDatabaseContext(System.String,Its.Onix.Core.Databases.BaseDbContext)
DA:151,1
DA:152,1
DA:153,1
DA:154,1
FN:156,Its.Onix.Core.Databases.BaseDbContext Its.Onix.Core.Factories.FactoryBusinessOperation::GetDatabaseContext(System.String)
FNDA:1,Its.Onix.Core.Databases.BaseDbContext Its.Onix.Core.Factories.FactoryBusinessOperation::GetDatabaseContext(System.String)
DA:157,1
DA:158,1
DA:159,1
DA:160,1
FN:162,System.Void Its.Onix.Core.Factories.FactoryBusinessOperation::SetDatabaseContext(Its.Onix.Core.Databases.BaseDbContext)
FNDA:1,System.Void Its.Onix.Core.Factories.FactoryBusinessOperation::SetDatabaseContext(Its.Onix.Core.Databases.BaseDbContext)
DA:163,1
DA:164,1
DA:165,1
DA:166,1
FN:168,Its.Onix.Core.Databases.BaseDbContext Its.Onix.Core.Factories.FactoryBusinessOperation::GetDatabaseContext()
FNDA:1,Its.Onix.Core.Databases.BaseDbContext Its.Onix.Core.Factories.FactoryBusinessOperation::GetDatabaseContext()
DA:169,1
DA:170,1
DA:171,1
DA:172,1
FN:175,Its.Onix.Core.Business.IBusinessOperation Its.Onix.Core.Factories.FactoryBusinessOperation::CreateBusinessOperationObject(System.String,System.String)
FNDA:7,Its.Onix.Core.Business.IBusinessOperation Its.Onix.Core.Factories.FactoryBusinessOperation::CreateBusinessOperationObject(System.String,System.String)
DA:176,7
DA:177,7
DA:178,2
DA:179,2
DA:182,5
DA:184,5
DA:185,5
DA:187,5
DA:189,5
DA:190,5
DA:191,5
DA:192,5
DA:194,5
DA:195,5
DA:196,5
DA:197,5
DA:198,5
DA:199,5
DA:201,5
DA:202,5
BRDA:177,19,0,2
BRDA:177,19,1,5
BRDA:194,157,0,5
BRDA:194,157,1,5
FN:204,Its.Onix.Core.Business.IBusinessOperation Its.Onix.Core.Factories.FactoryBusinessOperation::CreateBusinessOperationObject(System.String)
FNDA:5,Its.Onix.Core.Business.IBusinessOperation Its.Onix.Core.Factories.FactoryBusinessOperation::CreateBusinessOperationObject(System.String)
DA:205,5
DA:206,5
DA:207,4
DA:208,4
FN:210,System.Void Its.Onix.Core.Factories.FactoryBusinessOperation::SetLoggerFactory(Microsoft.Extensions.Logging.ILoggerFactory)
FNDA:1,System.Void Its.Onix.Core.Factories.FactoryBusinessOperation::SetLoggerFactory(Microsoft.Extensions.Logging.ILoggerFactory)
DA:211,1
DA:212,1
DA:213,1
FN:26,System.Void Its.Onix.Core.Factories.FactoryBusinessOperation::.cctor()
FNDA:1,System.Void Its.Onix.Core.Factories.FactoryBusinessOperation::.cctor()
DA:27,1
DA:29,1
DA:30,1
DA:33,1
DA:34,1
LF:121
LH:121
BRF:6
BRH:6
FNF:28
FNH:28
end_of_record
SF:D:\dev\projects\its_workspace\OnixCore\OnixCore\Its\Onix\Core\Factories\FactoryCacheContext.cs
FN:21,System.Void Its.Onix.Core.Factories.FactoryCacheContext::RegisterCache(System.Reflection.Assembly,System.String,System.String)
FNDA:1,System.Void Its.Onix.Core.Factories.FactoryCacheContext::RegisterCache(System.Reflection.Assembly,System.String,System.String)
DA:22,1
DA:23,1
DA:24,1
FN:26,System.Void Its.Onix.Core.Factories.FactoryCacheContext::RegisterCaches(System.Collections.Generic.Dictionary`2<System.String,Its.Onix.Core.Commons.Plugin.PluginEntry>)
FNDA:1,System.Void Its.Onix.Core.Factories.FactoryCacheContext::RegisterCaches(System.Collections.Generic.Dictionary`2<System.String,Its.Onix.Core.Commons.Plugin.PluginEntry>)
DA:27,1
DA:28,1
DA:29,1
FN:35,System.Void Its.Onix.Core.Factories.FactoryCacheContext::ClearRegisteredItems()
FNDA:1,System.Void Its.Onix.Core.Factories.FactoryCacheContext::ClearRegisteredItems()
DA:36,1
DA:37,1
DA:38,1
FN:40,Its.Onix.Core.Caches.ICacheContext Its.Onix.Core.Factories.FactoryCacheContext::GetCacheObject(System.String)
FNDA:8,Its.Onix.Core.Caches.ICacheContext Its.Onix.Core.Factories.FactoryCacheContext::GetCacheObject(System.String)
DA:41,8
DA:42,8
DA:43,7
DA:44,7
FN:46,Its.Onix.Core.Caches.ICacheContext Its.Onix.Core.Factories.FactoryCacheContext::GetCacheObject(System.String,System.String)
FNDA:8,Its.Onix.Core.Caches.ICacheContext Its.Onix.Core.Factories.FactoryCacheContext::GetCacheObject(System.String,System.String)
DA:47,8
DA:48,8
DA:49,1
DA:50,1
DA:53,7
DA:55,7
DA:56,7
DA:57,1
DA:58,1
DA:59,1
DA:60,1
DA:62,6
DA:63,6
DA:64,6
DA:66,7
DA:67,7
DA:68,4
DA:72,4
DA:74,4
DA:75,4
DA:77,4
DA:78,4
DA:79,4
DA:80,4
DA:81,4
DA:82,4
DA:83,4
DA:85,3
DA:86,3
DA:87,3
DA:89,7
DA:90,7
BRDA:48,17,0,1
BRDA:48,17,1,7
BRDA:56,69,0,1
BRDA:56,69,1,6
BRDA:67,124,0,4
BRDA:77,185,0,4
BRDA:77,185,1,4
BRDA:67,124,1,3
FN:92,System.Void Its.Onix.Core.Factories.FactoryCacheContext::SetLoggerFactory(Microsoft.Extensions.Logging.ILoggerFactory)
FNDA:1,System.Void Its.Onix.Core.Factories.FactoryCacheContext::SetLoggerFactory(Microsoft.Extensions.Logging.ILoggerFactory)
DA:93,1
DA:94,1
DA:95,1
FN:15,System.Void Its.Onix.Core.Factories.FactoryCacheContext::.cctor()
FNDA:1,System.Void Its.Onix.Core.Factories.FactoryCacheContext::.cctor()
DA:16,1
DA:17,1
DA:19,1
DA:32,1
DA:33,1
LF:53
LH:53
BRF:8
BRH:8
FNF:7
FNH:7
end_of_record
SF:D:\dev\projects\its_workspace\OnixCore\OnixCore\Its\Onix\Core\Factories\FactoryContextUtils.cs
FN:15,System.Void Its.Onix.Core.Factories.FactoryContextUtils::AddItem(System.Collections.Hashtable,System.String,System.String)
FNDA:3,System.Void Its.Onix.Core.Factories.FactoryContextUtils::AddItem(System.Collections.Hashtable,System.String,System.String)
DA:16,3
DA:17,3
DA:18,3
FN:20,System.Void Its.Onix.Core.Factories.FactoryContextUtils::RegisterItem(System.Collections.Generic.Dictionary`2<System.String,Its.Onix.Core.Commons.Plugin.PluginEntry>,System.Reflection.Assembly,System.String,System.String)
FNDA:17,System.Void Its.Onix.Core.Factories.FactoryContextUtils::RegisterItem(System.Collections.Generic.Dictionary`2<System.String,Its.Onix.Core.Commons.Plugin.PluginEntry>,System.Reflection.Assembly,System.String,System.String)
DA:21,17
DA:22,17
DA:23,17
DA:24,17
FN:26,System.Void Its.Onix.Core.Factories.FactoryContextUtils::RegisterItems(System.Collections.Generic.Dictionary`2<System.String,Its.Onix.Core.Commons.Plugin.PluginEntry>,System.Collections.Generic.Dictionary`2<System.String,Its.Onix.Core.Commons.Plugin.PluginEntry>)
FNDA:4,System.Void Its.Onix.Core.Factories.FactoryContextUtils::RegisterItems(System.Collections.Generic.Dictionary`2<System.String,Its.Onix.Core.Commons.Plugin.PluginEntry>,System.Collections.Generic.Dictionary`2<System.String,Its.Onix.Core.Commons.Plugin.PluginEntry>)
DA:27,4
DA:28,38
DA:29,13
DA:30,13
DA:31,13
DA:32,13
DA:33,4
BRDA:28,61,1,13
BRDA:28,61,0,4
FN:12,System.Void Its.Onix.Core.Factories.FactoryContextUtils::.cctor()
FNDA:1,System.Void Its.Onix.Core.Factories.FactoryContextUtils::.cctor()
DA:13,1
LF:15
LH:15
BRF:2
BRH:2
FNF:4
FNH:4
end_of_record
SF:D:\dev\projects\its_workspace\OnixCore\OnixCore\Its\Onix\Core\Factories\FactoryDbContext.cs
FN:20,System.Void Its.Onix.Core.Factories.FactoryDbContext::ClearRegisteredItems()
FNDA:1,System.Void Its.Onix.Core.Factories.FactoryDbContext::ClearRegisteredItems()
DA:21,1
DA:22,1
DA:23,1
FN:25,System.Void Its.Onix.Core.Factories.FactoryDbContext::RegisterDbContext(System.Reflection.Assembly,System.String,System.String)
FNDA:1,System.Void Its.Onix.Core.Factories.FactoryDbContext::RegisterDbContext(System.Reflection.Assembly,System.String,System.String)
DA:26,1
DA:27,1
DA:28,1
FN:30,System.Void Its.Onix.Core.Factories.FactoryDbContext::RegisterDbContexts(System.Collections.Generic.Dictionary`2<System.String,Its.Onix.Core.Commons.Plugin.PluginEntry>)
FNDA:1,System.Void Its.Onix.Core.Factories.FactoryDbContext::RegisterDbContexts(System.Collections.Generic.Dictionary`2<System.String,Its.Onix.Core.Commons.Plugin.PluginEntry>)
DA:31,1
DA:32,1
DA:33,1
FN:35,Its.Onix.Core.Databases.BaseDbContext Its.Onix.Core.Factories.FactoryDbContext::CreateDbContextObject(System.String,Its.Onix.Core.Databases.DbCredential)
FNDA:4,Its.Onix.Core.Databases.BaseDbContext Its.Onix.Core.Factories.FactoryDbContext::CreateDbContextObject(System.String,Its.Onix.Core.Databases.DbCredential)
DA:36,4
DA:37,4
DA:38,2
DA:39,2
DA:42,2
DA:44,2
DA:45,2
DA:47,2
DA:48,2
DA:50,2
DA:51,2
BRDA:37,19,0,2
BRDA:37,19,1,2
FN:53,System.Void Its.Onix.Core.Factories.FactoryDbContext::SetLoggerFactory(Microsoft.Extensions.Logging.ILoggerFactory)
FNDA:1,System.Void Its.Onix.Core.Factories.FactoryDbContext::SetLoggerFactory(Microsoft.Extensions.Logging.ILoggerFactory)
DA:54,1
DA:55,1
DA:56,1
FN:12,System.Void Its.Onix.Core.Factories.FactoryDbContext::.cctor()
FNDA:1,System.Void Its.Onix.Core.Factories.FactoryDbContext::.cctor()
DA:13,1
DA:14,1
DA:17,1
DA:18,1
LF:27
LH:27
BRF:2
BRH:2
FNF:6
FNH:6
end_of_record
SF:D:\dev\projects\its_workspace\OnixCore\OnixCore\Its\Onix\Core\Factories\FactoryNoSqlContext.cs
FN:20,System.Void Its.Onix.Core.Factories.FactoryNoSqlContext::InitClassMap()
FNDA:1,System.Void Its.Onix.Core.Factories.FactoryNoSqlContext::InitClassMap()
DA:21,1
DA:22,1
DA:23,1
FN:25,Its.Onix.Core.NoSQL.INoSqlContext Its.Onix.Core.Factories.FactoryNoSqlContext::CreateNoSqlObject(System.String)
FNDA:6,Its.Onix.Core.NoSQL.INoSqlContext Its.Onix.Core.Factories.FactoryNoSqlContext::CreateNoSqlObject(System.String)
DA:26,6
DA:27,6
DA:28,6
DA:29,3
DA:30,3
DA:33,3
DA:34,3
DA:36,3
DA:37,1
DA:38,1
DA:39,1
DA:40,1
DA:41,1
DA:43,3
DA:44,3
BRDA:28,24,0,3
BRDA:28,24,1,3
BRDA:36,75,0,1
BRDA:36,75,1,3
FN:46,System.Void Its.Onix.Core.Factories.FactoryNoSqlContext::SetLoggerFactory(Microsoft.Extensions.Logging.ILoggerFactory)
FNDA:1,System.Void Its.Onix.Core.Factories.FactoryNoSqlContext::SetLoggerFactory(Microsoft.Extensions.Logging.ILoggerFactory)
DA:47,1
DA:48,1
DA:49,1
FN:11,System.Void Its.Onix.Core.Factories.FactoryNoSqlContext::.cctor()
FNDA:1,System.Void Its.Onix.Core.Factories.FactoryNoSqlContext::.cctor()
DA:12,1
DA:13,1
DA:16,1
DA:17,1
DA:18,1
LF:26
LH:26
BRF:4
BRH:4
FNF:4
FNH:4
end_of_record
SF:D:\dev\projects\its_workspace\OnixCore\OnixCore\Its\Onix\Core\Factories\FactorySmtpContext.cs
FN:20,System.Void Its.Onix.Core.Factories.FactorySmtpContext::InitClassMap()
FNDA:1,System.Void Its.Onix.Core.Factories.FactorySmtpContext::InitClassMap()
DA:21,1
DA:22,1
DA:23,1
FN:25,Its.Onix.Core.Smtp.ISmtpContext Its.Onix.Core.Factories.FactorySmtpContext::CreateSmtpObject(System.String)
FNDA:4,Its.Onix.Core.Smtp.ISmtpContext Its.Onix.Core.Factories.FactorySmtpContext::CreateSmtpObject(System.String)
DA:26,4
DA:27,4
DA:28,4
DA:29,1
DA:30,1
DA:33,3
DA:34,3
DA:36,3
DA:37,3
DA:38,3
DA:39,3
DA:40,3
DA:41,3
DA:43,3
DA:44,3
BRDA:28,24,0,1
BRDA:28,24,1,3
BRDA:36,75,0,3
BRDA:36,75,1,3
FN:46,System.Void Its.Onix.Core.Factories.FactorySmtpContext::SetLoggerFactory(Microsoft.Extensions.Logging.ILoggerFactory)
FNDA:1,System.Void Its.Onix.Core.Factories.FactorySmtpContext::SetLoggerFactory(Microsoft.Extensions.Logging.ILoggerFactory)
DA:47,1
DA:48,1
DA:49,1
FN:11,System.Void Its.Onix.Core.Factories.FactorySmtpContext::.cctor()
FNDA:1,System.Void Its.Onix.Core.Factories.FactorySmtpContext::.cctor()
DA:12,1
DA:13,1
DA:16,1
DA:17,1
DA:18,1
LF:26
LH:26
BRF:4
BRH:4
FNF:4
FNH:4
end_of_record
SF:D:\dev\projects\its_workspace\OnixCore\OnixCore\Its\Onix\Core\Factories\FactoryStorageContext.cs
FN:20,System.Void Its.Onix.Core.Factories.FactoryStorageContext::InitClassMap()
FNDA:1,System.Void Its.Onix.Core.Factories.FactoryStorageContext::InitClassMap()
DA:21,1
DA:22,1
DA:23,1
FN:25,Its.Onix.Core.Storages.IStorageContext Its.Onix.Core.Factories.FactoryStorageContext::CreateStorageObject(System.String)
FNDA:4,Its.Onix.Core.Storages.IStorageContext Its.Onix.Core.Factories.FactoryStorageContext::CreateStorageObject(System.String)
DA:26,4
DA:27,4
DA:28,4
DA:29,2
DA:30,2
DA:33,2
DA:34,2
DA:36,2
DA:37,1
DA:38,1
DA:39,1
DA:40,1
DA:41,1
DA:43,2
DA:44,2
BRDA:28,24,0,2
BRDA:28,24,1,2
BRDA:36,75,0,1
BRDA:36,75,1,2
FN:46,System.Void Its.Onix.Core.Factories.FactoryStorageContext::SetLoggerFactory(Microsoft.Extensions.Logging.ILoggerFactory)
FNDA:1,System.Void Its.Onix.Core.Factories.FactoryStorageContext::SetLoggerFactory(Microsoft.Extensions.Logging.ILoggerFactory)
DA:47,1
DA:48,1
DA:49,1
FN:11,System.Void Its.Onix.Core.Factories.FactoryStorageContext::.cctor()
FNDA:1,System.Void Its.Onix.Core.Factories.FactoryStorageContext::.cctor()
DA:12,1
DA:13,1
DA:16,1
DA:17,1
DA:18,1
LF:26
LH:26
BRF:4
BRH:4
FNF:4
FNH:4
end_of_record
SF:D:\dev\projects\its_workspace\OnixCore\OnixCore\Its\Onix\Core\Database\BaseDbContext.cs
FN:17,Its.Onix.Core.Databases.DbCredential Its.Onix.Core.Databases.BaseDbContext::GetCredential()
FNDA:3,Its.Onix.Core.Databases.DbCredential Its.Onix.Core.Databases.BaseDbContext::GetCredential()
DA:18,3
DA:19,3
DA:20,3
FN:22,System.Void Its.Onix.Core.Databases.BaseDbContext::OnConfiguring(Microsoft.EntityFrameworkCore.DbContextOptionsBuilder)
FNDA:3,System.Void Its.Onix.Core.Databases.BaseDbContext::OnConfiguring(Microsoft.EntityFrameworkCore.DbContextOptionsBuilder)
DA:23,3
DA:24,3
DA:25,3
FN:27,System.Void Its.Onix.Core.Databases.BaseDbContext::Configure(Microsoft.EntityFrameworkCore.DbContextOptionsBuilder)
FNDA:3,System.Void Its.Onix.Core.Databases.BaseDbContext::Configure(Microsoft.EntityFrameworkCore.DbContextOptionsBuilder)
DA:28,3
DA:29,3
DA:30,3
DA:31,1
DA:32,1
DA:33,1
DA:34,2
DA:35,1
DA:36,1
DA:37,1
DA:38,3
BRDA:30,26,0,1
BRDA:30,26,1,2
BRDA:34,64,0,1
BRDA:34,64,1,3
FN:40,System.Void Its.Onix.Core.Databases.BaseDbContext::TestOnConfiguring(Microsoft.EntityFrameworkCore.DbContextOptionsBuilder)
FNDA:3,System.Void Its.Onix.Core.Databases.BaseDbContext::TestOnConfiguring(Microsoft.EntityFrameworkCore.DbContextOptionsBuilder)
DA:41,3
DA:42,3
DA:43,3
FN:45,System.Void Its.Onix.Core.Databases.BaseDbContext::SetLoggerFactory(Microsoft.Extensions.Logging.ILoggerFactory)
FNDA:2,System.Void Its.Onix.Core.Databases.BaseDbContext::SetLoggerFactory(Microsoft.Extensions.Logging.ILoggerFactory)
DA:46,2
DA:47,2
DA:48,2
FN:9,System.Void Its.Onix.Core.Databases.BaseDbContext::.ctor(Its.Onix.Core.Databases.DbCredential)
FNDA:7,System.Void Its.Onix.Core.Databases.BaseDbContext::.ctor(Its.Onix.Core.Databases.DbCredential)
DA:10,7
DA:12,7
DA:13,7
DA:14,7
DA:15,7
FN:8,System.Void Its.Onix.Core.Databases.BaseDbContext::.cctor()
FNDA:1,System.Void Its.Onix.Core.Databases.BaseDbContext::.cctor()
DA:9,1
LF:29
LH:29
BRF:4
BRH:4
FNF:7
FNH:7
end_of_record
SF:D:\dev\projects\its_workspace\OnixCore\OnixCore\Its\Onix\Core\Database\DbCredential.cs
FN:14,System.Void Its.Onix.Core.Databases.DbCredential::SetDbCredential(System.String,System.Int32,System.String,System.String,System.String,System.String)
FNDA:7,System.Void Its.Onix.Core.Databases.DbCredential::SetDbCredential(System.String,System.Int32,System.String,System.String,System.String,System.String)
DA:15,7
DA:16,7
DA:17,7
DA:18,7
DA:19,7
DA:20,7
DA:21,7
DA:22,7
FN:34,System.Boolean Its.Onix.Core.Databases.DbCredential::IsProviderSqLiteMemory()
FNDA:2,System.Boolean Its.Onix.Core.Databases.DbCredential::IsProviderSqLiteMemory()
DA:35,2
DA:36,2
DA:37,2
FN:38,System.String Its.Onix.Core.Databases.DbCredential::ConnectionStringSqLiteMemory()
FNDA:1,System.String Its.Onix.Core.Databases.DbCredential::ConnectionStringSqLiteMemory()
DA:39,1
DA:40,1
DA:41,1
DA:42,1
FN:44,System.Boolean Its.Onix.Core.Databases.DbCredential::IsProviderPgSql()
FNDA:3,System.Boolean Its.Onix.Core.Databases.DbCredential::IsProviderPgSql()
DA:45,3
DA:46,3
DA:47,3
FN:49,System.String Its.Onix.Core.Databases.DbCredential::ConnectionStringPgSql()
FNDA:1,System.String Its.Onix.Core.Databases.DbCredential::ConnectionStringPgSql()
DA:50,1
DA:51,1
DA:52,1
DA:53,1
FN:6,System.Void Its.Onix.Core.Databases.DbCredential::.ctor(System.String,System.Int32,System.String,System.String,System.String)
FNDA:7,System.Void Its.Onix.Core.Databases.DbCredential::.ctor(System.String,System.Int32,System.String,System.String,System.String)
DA:7,7
DA:8,7
DA:9,7
DA:10,7
DA:11,7
DA:12,7
DA:24,2
DA:25,2
DA:26,2
DA:27,2
FN:28,System.Void Its.Onix.Core.Databases.DbCredential::.ctor(System.String,System.Int32,System.String,System.String,System.String,System.String)
FNDA:5,System.Void Its.Onix.Core.Databases.DbCredential::.ctor(System.String,System.Int32,System.String,System.String,System.String,System.String)
DA:29,5
DA:30,5
DA:31,5
DA:32,5
LF:36
LH:36
BRF:0
BRH:0
FNF:7
FNH:7
end_of_record
SF:D:\dev\projects\its_workspace\OnixCore\OnixCore\Its\Onix\Core\Commons\Table\CField.cs
FN:16,System.String Its.Onix.Core.Commons.Table.CField::GetValue()
FNDA:42,System.String Its.Onix.Core.Commons.Table.CField::GetValue()
DA:17,42
DA:18,42
DA:19,42
FN:21,System.String Its.Onix.Core.Commons.Table.CField::GetName()
FNDA:19,System.String Its.Onix.Core.Commons.Table.CField::GetName()
DA:22,19
DA:23,19
DA:24,19
FN:26,System.Void Its.Onix.Core.Commons.Table.CField::SetValue(System.String)
FNDA:15,System.Void Its.Onix.Core.Commons.Table.CField::SetValue(System.String)
DA:27,15
DA:28,15
DA:29,15
FN:9,System.Void Its.Onix.Core.Commons.Table.CField::.ctor(System.String,System.String,System.String)
FNDA:77,System.Void Its.Onix.Core.Commons.Table.CField::.ctor(System.String,System.String,System.String)
DA:10,77
DA:11,77
DA:12,77
DA:13,77
DA:14,77
LF:14
LH:14
BRF:0
BRH:0
FNF:4
FNH:4
end_of_record
SF:D:\dev\projects\its_workspace\OnixCore\OnixCore\Its\Onix\Core\Commons\Table\CTable.cs
FN:23,System.Void Its.Onix.Core.Commons.Table.CTable::AddChildArray(System.String,System.Collections.ArrayList)
FNDA:9,System.Void Its.Onix.Core.Commons.Table.CTable::AddChildArray(System.String,System.Collections.ArrayList)
DA:24,9
DA:25,9
DA:26,9
FN:28,System.Void Its.Onix.Core.Commons.Table.CTable::RemoveChildArray(System.String)
FNDA:1,System.Void Its.Onix.Core.Commons.Table.CTable::RemoveChildArray(System.String)
DA:29,1
DA:30,1
DA:31,1
DA:32,1
DA:33,1
DA:34,1
BRDA:30,15,0,1
BRDA:30,15,1,1
FN:36,System.Collections.ArrayList Its.Onix.Core.Commons.Table.CTable::GetChildArray(System.String)
FNDA:6,System.Collections.ArrayList Its.Onix.Core.Commons.Table.CTable::GetChildArray(System.String)
DA:37,6
DA:38,6
DA:39,6
FN:41,System.Collections.Hashtable Its.Onix.Core.Commons.Table.CTable::GetChildHash()
FNDA:15,System.Collections.Hashtable Its.Onix.Core.Commons.Table.CTable::GetChildHash()
DA:42,15
DA:43,15
DA:44,15
FN:46,System.Void Its.Onix.Core.Commons.Table.CTable::AddField(System.String,System.String,System.String)
FNDA:77,System.Void Its.Onix.Core.Commons.Table.CTable::AddField(System.String,System.String,System.String)
DA:47,77
DA:48,77
DA:49,77
DA:50,77
DA:51,77
FN:53,System.Void Its.Onix.Core.Commons.Table.CTable::SetFieldValue(System.String,System.String)
FNDA:89,System.Void Its.Onix.Core.Commons.Table.CTable::SetFieldValue(System.String,System.String)
DA:54,89
DA:55,89
DA:56,15
DA:57,15
DA:58,15
DA:59,15
DA:61,74
DA:62,74
DA:63,74
DA:64,89
BRDA:55,15,0,15
BRDA:55,15,1,74
FN:66,System.Void Its.Onix.Core.Commons.Table.CTable::SetFieldValue(System.String,System.Int32)
FNDA:2,System.Void Its.Onix.Core.Commons.Table.CTable::SetFieldValue(System.String,System.Int32)
DA:67,2
DA:68,2
DA:69,2
FN:71,System.Void Its.Onix.Core.Commons.Table.CTable::SetFieldValue(System.String,System.Double)
FNDA:1,System.Void Its.Onix.Core.Commons.Table.CTable::SetFieldValue(System.String,System.Double)
DA:72,1
DA:73,1
DA:74,1
FN:76,System.String Its.Onix.Core.Commons.Table.CTable::GetFieldValue(System.String)
FNDA:24,System.String Its.Onix.Core.Commons.Table.CTable::GetFieldValue(System.String)
DA:77,24
DA:78,24
DA:79,23
DA:80,23
DA:81,23
DA:84,1
DA:85,24
BRDA:78,15,0,23
BRDA:78,15,1,1
FN:87,System.Int32 Its.Onix.Core.Commons.Table.CTable::GetFieldValueInt(System.String)
FNDA:1,System.Int32 Its.Onix.Core.Commons.Table.CTable::GetFieldValueInt(System.String)
DA:88,1
DA:89,1
DA:90,1
DA:91,1
FN:93,System.String Its.Onix.Core.Commons.Table.CTable::GetTableName()
FNDA:13,System.String Its.Onix.Core.Commons.Table.CTable::GetTableName()
DA:94,13
DA:95,13
DA:96,13
FN:98,System.Collections.ArrayList Its.Onix.Core.Commons.Table.CTable::GetTableFields()
FNDA:15,System.Collections.ArrayList Its.Onix.Core.Commons.Table.CTable::GetTableFields()
DA:99,15
DA:100,15
DA:101,15
FN:103,Its.Onix.Core.Commons.Table.CTable Its.Onix.Core.Commons.Table.CTable::CloneAll()
FNDA:3,Its.Onix.Core.Commons.Table.CTable Its.Onix.Core.Commons.Table.CTable::CloneAll()
DA:104,3
DA:105,3
DA:107,15
DA:108,3
DA:109,3
DA:110,3
DA:112,3
DA:113,11
DA:114,1
DA:115,1
DA:117,1
DA:118,1
DA:120,7
DA:121,2
DA:122,2
DA:123,2
DA:124,2
DA:125,1
DA:127,3
DA:128,3
BRDA:107,72,1,3
BRDA:107,72,0,3
BRDA:113,259,1,1
BRDA:120,225,1,2
BRDA:120,225,0,1
BRDA:113,259,0,3
FN:7,System.Void Its.Onix.Core.Commons.Table.CTable::.ctor(System.String)
FNDA:56,System.Void Its.Onix.Core.Commons.Table.CTable::.ctor(System.String)
DA:8,56
DA:9,56
DA:11,56
DA:12,56
DA:14,44
DA:15,44
DA:16,44
DA:17,44
FN:18,System.Void Its.Onix.Core.Commons.Table.CTable::.ctor()
FNDA:12,System.Void Its.Onix.Core.Commons.Table.CTable::.ctor()
DA:19,12
DA:20,12
DA:21,12
LF:84
LH:84
BRF:12
BRH:12
FNF:15
FNH:15
end_of_record
SF:D:\dev\projects\its_workspace\OnixCore\OnixCore\Its\Onix\Core\Commons\Plugin\PluginEntry.cs
FN:7,System.String Its.Onix.Core.Commons.Plugin.PluginEntry::get_Key()
FNDA:43,System.String Its.Onix.Core.Commons.Plugin.PluginEntry::get_Key()
DA:8,43
FN:8,System.String Its.Onix.Core.Commons.Plugin.PluginEntry::get_Fqdn()
FNDA:55,System.String Its.Onix.Core.Commons.Plugin.PluginEntry::get_Fqdn()
DA:9,55
FN:9,System.Reflection.Assembly Its.Onix.Core.Commons.Plugin.PluginEntry::get_Asm()
FNDA:55,System.Reflection.Assembly Its.Onix.Core.Commons.Plugin.PluginEntry::get_Asm()
DA:10,55
FN:11,System.Void Its.Onix.Core.Commons.Plugin.PluginEntry::.ctor(System.Reflection.Assembly,System.String,System.String)
FNDA:30,System.Void Its.Onix.Core.Commons.Plugin.PluginEntry::.ctor(System.Reflection.Assembly,System.String,System.String)
DA:12,30
DA:13,30
DA:14,30
DA:15,30
DA:16,30
DA:17,30
LF:9
LH:9
BRF:0
BRH:0
FNF:4
FNH:4
end_of_record
SF:D:\dev\projects\its_workspace\OnixCore\OnixCore\Its\Onix\Core\Commons\Model\BaseModel.cs
FN:6,System.String Its.Onix.Core.Commons.Model.BaseModel::get_Key()
FNDA:70,System.String Its.Onix.Core.Commons.Model.BaseModel::get_Key()
DA:7,70
FN:7,System.DateTime Its.Onix.Core.Commons.Model.BaseModel::get_LastMaintDate()
FNDA:38,System.DateTime Its.Onix.Core.Commons.Model.BaseModel::get_LastMaintDate()
DA:8,38
LF:2
LH:2
BRF:0
BRH:0
FNF:2
FNH:2
end_of_record
SF:D:\dev\projects\its_workspace\OnixCore\OnixCore\Its\Onix\Core\Caches\CacheBase.cs
FN:19,System.Void Its.Onix.Core.Caches.CacheBase::SetLogger(Microsoft.Extensions.Logging.ILogger)
FNDA:5,System.Void Its.Onix.Core.Caches.CacheBase::SetLogger(Microsoft.Extensions.Logging.ILogger)
DA:20,5
DA:21,5
DA:22,5
FN:24,Microsoft.Extensions.Logging.ILogger Its.Onix.Core.Caches.CacheBase::GetLogger()
FNDA:5,Microsoft.Extensions.Logging.ILogger Its.Onix.Core.Caches.CacheBase::GetLogger()
DA:25,5
DA:26,5
DA:27,5
FN:29,System.Void Its.Onix.Core.Caches.CacheBase::SetRefreshInterval(System.Int64)
FNDA:2,System.Void Its.Onix.Core.Caches.CacheBase::SetRefreshInterval(System.Int64)
DA:30,2
DA:31,2
DA:32,2
FN:34,System.DateTime Its.Onix.Core.Caches.CacheBase::GetLastRefreshDtm()
FNDA:1,System.DateTime Its.Onix.Core.Caches.CacheBase::GetLastRefreshDtm()
DA:35,1
DA:36,1
DA:37,1
FN:39,System.Void Its.Onix.Core.Caches.CacheBase::SetLastRefreshDtm(System.DateTime)
FNDA:9,System.Void Its.Onix.Core.Caches.CacheBase::SetLastRefreshDtm(System.DateTime)
DA:40,9
DA:41,9
DA:42,9
FN:44,System.Collections.Generic.Dictionary`2<System.String,Its.Onix.Core.Commons.Model.BaseModel> Its.Onix.Core.Caches.CacheBase::GetValues()
FNDA:6,System.Collections.Generic.Dictionary`2<System.String,Its.Onix.Core.Commons.Model.BaseModel> Its.Onix.Core.Caches.CacheBase::GetValues()
DA:45,6
DA:46,6
DA:47,4
DA:48,4
DA:49,4
DA:50,4
DA:52,4
DA:53,4
DA:55,6
DA:56,6
BRDA:46,7,0,4
BRDA:46,7,1,2
BRDA:46,20,0,4
BRDA:46,20,1,6
FN:58,Its.Onix.Core.Commons.Model.BaseModel Its.Onix.Core.Caches.CacheBase::GetValue(System.String)
FNDA:6,Its.Onix.Core.Commons.Model.BaseModel Its.Onix.Core.Caches.CacheBase::GetValue(System.String)
DA:59,6
DA:60,6
DA:61,6
DA:63,6
DA:64,6
FN:66,System.Boolean Its.Onix.Core.Caches.CacheBase::IsRefreshTime()
FNDA:4,System.Boolean Its.Onix.Core.Caches.CacheBase::IsRefreshTime()
DA:67,4
DA:68,4
DA:69,4
DA:71,4
DA:72,4
DA:73,4
FN:75,System.Void Its.Onix.Core.Caches.CacheBase::SetContents(System.Collections.Generic.Dictionary`2<System.String,Its.Onix.Core.Commons.Model.BaseModel>)
FNDA:6,System.Void Its.Onix.Core.Caches.CacheBase::SetContents(System.Collections.Generic.Dictionary`2<System.String,Its.Onix.Core.Commons.Model.BaseModel>)
DA:76,6
DA:77,6
DA:78,6
FN:12,System.Void Its.Onix.Core.Caches.CacheBase::.ctor()
FNDA:5,System.Void Its.Onix.Core.Caches.CacheBase::.ctor()
DA:13,5
LF:40
LH:40
BRF:4
BRH:4
FNF:10
FNH:10
end_of_record
SF:D:\dev\projects\its_workspace\OnixCore\OnixCore\Its\Onix\Core\Business\BusinessOperationBase.cs
FN:21,System.Void Its.Onix.Core.Business.BusinessOperationBase::SetNoSqlContext(Its.Onix.Core.NoSQL.INoSqlContext)
FNDA:8,System.Void Its.Onix.Core.Business.BusinessOperationBase::SetNoSqlContext(Its.Onix.Core.NoSQL.INoSqlContext)
DA:22,8
DA:23,8
DA:24,8
FN:26,Its.Onix.Core.NoSQL.INoSqlContext Its.Onix.Core.Business.BusinessOperationBase::GetNoSqlContext()
FNDA:3,Its.Onix.Core.NoSQL.INoSqlContext Its.Onix.Core.Business.BusinessOperationBase::GetNoSqlContext()
DA:27,3
DA:28,3
DA:29,3
FN:32,System.Void Its.Onix.Core.Business.BusinessOperationBase::SetStorageContext(Its.Onix.Core.Storages.IStorageContext)
FNDA:8,System.Void Its.Onix.Core.Business.BusinessOperationBase::SetStorageContext(Its.Onix.Core.Storages.IStorageContext)
DA:33,8
DA:34,8
DA:35,8
FN:37,Its.Onix.Core.Storages.IStorageContext Its.Onix.Core.Business.BusinessOperationBase::GetStorageContext()
FNDA:3,Its.Onix.Core.Storages.IStorageContext Its.Onix.Core.Business.BusinessOperationBase::GetStorageContext()
DA:38,3
DA:39,3
DA:40,3
FN:43,System.Void Its.Onix.Core.Business.BusinessOperationBase::SetSmtpContext(Its.Onix.Core.Smtp.ISmtpContext)
FNDA:8,System.Void Its.Onix.Core.Business.BusinessOperationBase::SetSmtpContext(Its.Onix.Core.Smtp.ISmtpContext)
DA:44,8
DA:45,8
DA:46,8
FN:48,Its.Onix.Core.Smtp.ISmtpContext Its.Onix.Core.Business.BusinessOperationBase::GetSmtpContext()
FNDA:3,Its.Onix.Core.Smtp.ISmtpContext Its.Onix.Core.Business.BusinessOperationBase::GetSmtpContext()
DA:49,3
DA:50,3
DA:51,3
FN:53,System.Void Its.Onix.Core.Business.BusinessOperationBase::SetDatabaseContext(Its.Onix.Core.Databases.BaseDbContext)
FNDA:6,System.Void Its.Onix.Core.Business.BusinessOperationBase::SetDatabaseContext(Its.Onix.Core.Databases.BaseDbContext)
DA:54,6
DA:55,6
DA:56,6
FN:58,Its.Onix.Core.Databases.BaseDbContext Its.Onix.Core.Business.BusinessOperationBase::GetDatabaseContext()
FNDA:1,Its.Onix.Core.Databases.BaseDbContext Its.Onix.Core.Business.BusinessOperationBase::GetDatabaseContext()
DA:59,1
DA:60,1
DA:61,1
FN:63,System.Void Its.Onix.Core.Business.BusinessOperationBase::SetLogger(Microsoft.Extensions.Logging.ILogger)
FNDA:8,System.Void Its.Onix.Core.Business.BusinessOperationBase::SetLogger(Microsoft.Extensions.Logging.ILogger)
DA:64,8
DA:65,8
DA:66,8
FN:68,Microsoft.Extensions.Logging.ILogger Its.Onix.Core.Business.BusinessOperationBase::GetLogger()
FNDA:3,Microsoft.Extensions.Logging.ILogger Its.Onix.Core.Business.BusinessOperationBase::GetLogger()
DA:69,3
DA:70,3
DA:71,3
FN:73,System.Void Its.Onix.Core.Business.BusinessOperationBase::SetAutoCommit(System.Boolean)
FNDA:1,System.Void Its.Onix.Core.Business.BusinessOperationBase::SetAutoCommit(System.Boolean)
DA:74,1
DA:75,1
DA:76,1
FN:78,System.Boolean Its.Onix.Core.Business.BusinessOperationBase::GetAutoCommit()
FNDA:1,System.Boolean Its.Onix.Core.Business.BusinessOperationBase::GetAutoCommit()
DA:79,1
DA:80,1
DA:81,1
FN:83,System.Void Its.Onix.Core.Business.BusinessOperationBase::CopyContexts(Its.Onix.Core.Business.BusinessOperationBase)
FNDA:1,System.Void Its.Onix.Core.Business.BusinessOperationBase::CopyContexts(Its.Onix.Core.Business.BusinessOperationBase)
DA:84,1
DA:85,1
DA:86,1
DA:87,1
DA:88,1
DA:89,1
DA:90,1
FN:14,System.Void Its.Onix.Core.Business.BusinessOperationBase::.ctor()
FNDA:8,System.Void Its.Onix.Core.Business.BusinessOperationBase::.ctor()
DA:15,8
DA:16,8
DA:17,8
DA:18,8
DA:19,8
LF:48
LH:48
BRF:0
BRH:0
FNF:14
FNH:14
end_of_record
SF:D:\dev\projects\its_workspace\OnixCore\OnixCore\Its\Onix\Core\Applications\ConsoleAppBase.cs
FN:27,NDesk.Options.OptionSet Its.Onix.Core.Applications.ConsoleAppBase::CreateOptionSet()
FNDA:2,NDesk.Options.OptionSet Its.Onix.Core.Applications.ConsoleAppBase::CreateOptionSet()
DA:28,2
DA:29,2
DA:31,2
DA:33,2
DA:34,2
DA:35,2
DA:36,2
DA:37,2
DA:39,2
DA:41,2
DA:42,2
FN:44,System.Void Its.Onix.Core.Applications.ConsoleAppBase::ClearArgument()
FNDA:2,System.Void Its.Onix.Core.Applications.ConsoleAppBase::ClearArgument()
DA:45,2
DA:46,2
DA:47,2
FN:49,System.Void Its.Onix.Core.Applications.ConsoleAppBase::AddArgument(System.String,System.String)
FNDA:27,System.Void Its.Onix.Core.Applications.ConsoleAppBase::AddArgument(System.String,System.String)
DA:50,27
DA:51,27
DA:52,27
FN:54,System.Void Its.Onix.Core.Applications.ConsoleAppBase::SetNoSqlContext(Its.Onix.Core.NoSQL.INoSqlContext)
FNDA:6,System.Void Its.Onix.Core.Applications.ConsoleAppBase::SetNoSqlContext(Its.Onix.Core.NoSQL.INoSqlContext)
DA:55,6
DA:56,6
DA:57,6
FN:59,System.Void Its.Onix.Core.Applications.ConsoleAppBase::SetStorageContext(Its.Onix.Core.Storages.IStorageContext)
FNDA:1,System.Void Its.Onix.Core.Applications.ConsoleAppBase::SetStorageContext(Its.Onix.Core.Storages.IStorageContext)
DA:60,1
DA:61,1
DA:62,1
FN:64,Its.Onix.Core.Storages.IStorageContext Its.Onix.Core.Applications.ConsoleAppBase::GetStorageContext()
FNDA:2,Its.Onix.Core.Storages.IStorageContext Its.Onix.Core.Applications.ConsoleAppBase::GetStorageContext()
DA:65,2
DA:66,2
DA:67,2
FN:69,System.Void Its.Onix.Core.Applications.ConsoleAppBase::SetLogger(Microsoft.Extensions.Logging.ILogger)
FNDA:2,System.Void Its.Onix.Core.Applications.ConsoleAppBase::SetLogger(Microsoft.Extensions.Logging.ILogger)
DA:70,2
DA:71,2
DA:72,2
FN:74,Microsoft.Extensions.Logging.ILogger Its.Onix.Core.Applications.ConsoleAppBase::GetLogger()
FNDA:2,Microsoft.Extensions.Logging.ILogger Its.Onix.Core.Applications.ConsoleAppBase::GetLogger()
DA:75,2
DA:76,2
DA:77,2
FN:79,Its.Onix.Core.NoSQL.INoSqlContext Its.Onix.Core.Applications.ConsoleAppBase::GetNoSqlContext()
FNDA:3,Its.Onix.Core.NoSQL.INoSqlContext Its.Onix.Core.Applications.ConsoleAppBase::GetNoSqlContext()
DA:80,3
DA:81,3
DA:82,3
FN:84,Its.Onix.Core.NoSQL.INoSqlContext Its.Onix.Core.Applications.ConsoleAppBase::GetNoSqlContextWithAuthen(System.String)
FNDA:2,Its.Onix.Core.NoSQL.INoSqlContext Its.Onix.Core.Applications.ConsoleAppBase::GetNoSqlContextWithAuthen(System.String)
DA:85,2
DA:86,2
DA:87,2
DA:88,2
DA:89,2
DA:90,2
DA:91,2
DA:92,2
DA:93,2
DA:94,1
DA:96,1
DA:97,1
BRDA:87,19,0,2
BRDA:87,19,1,1
FN:99,Its.Onix.Core.Storages.IStorageContext Its.Onix.Core.Applications.ConsoleAppBase::GetStorageContextWithAuthen(System.String)
FNDA:2,Its.Onix.Core.Storages.IStorageContext Its.Onix.Core.Applications.ConsoleAppBase::GetStorageContextWithAuthen(System.String)
DA:100,2
DA:101,2
DA:102,2
DA:103,2
DA:104,2
DA:105,2
DA:106,2
DA:107,2
DA:108,2
DA:109,1
DA:111,1
DA:112,1
BRDA:102,19,0,2
BRDA:102,19,1,1
FN:114,System.Int32 Its.Onix.Core.Applications.ConsoleAppBase::Run()
FNDA:2,System.Int32 Its.Onix.Core.Applications.ConsoleAppBase::Run()
DA:115,2
DA:116,2
DA:117,1
DA:118,1
FN:120,System.Void Its.Onix.Core.Applications.ConsoleAppBase::DumpParameter()
FNDA:1,System.Void Its.Onix.Core.Applications.ConsoleAppBase::DumpParameter()
DA:121,1
DA:122,13
DA:123,5
DA:124,5
DA:125,5
DA:126,5
DA:127,1
BRDA:122,72,1,5
BRDA:122,72,0,1
FN:129,System.Collections.Hashtable Its.Onix.Core.Applications.ConsoleAppBase::GetArguments()
FNDA:2,System.Collections.Hashtable Its.Onix.Core.Applications.ConsoleAppBase::GetArguments()
DA:130,2
DA:131,2
DA:132,2
FN:134,Its.Onix.Core.NoSQL.INoSqlContext Its.Onix.Core.Applications.ConsoleAppBase::GetNoSqlContext(System.String,System.String,System.String,System.String,System.String)
FNDA:4,Its.Onix.Core.NoSQL.INoSqlContext Its.Onix.Core.Applications.ConsoleAppBase::GetNoSqlContext(System.String,System.String,System.String,System.String,System.String)
DA:135,4
DA:136,4
DA:138,4
DA:139,2
DA:141,2
DA:142,2
FN:144,Its.Onix.Core.Storages.IStorageContext Its.Onix.Core.Applications.ConsoleAppBase::GetStorageContext(System.String,System.String,System.String,System.String,System.String)
FNDA:2,Its.Onix.Core.Storages.IStorageContext Its.Onix.Core.Applications.ConsoleAppBase::GetStorageContext(System.String,System.String,System.String,System.String,System.String)
DA:145,2
DA:146,2
DA:148,2
DA:149,1
DA:151,1
DA:152,1
FN:154,Its.Onix.Core.Commons.Table.CTable Its.Onix.Core.Applications.ConsoleAppBase::XmlToCTable()
FNDA:1,Its.Onix.Core.Commons.Table.CTable Its.Onix.Core.Applications.ConsoleAppBase::XmlToCTable()
DA:155,1
DA:156,1
DA:157,1
DA:158,1
DA:160,1
DA:161,1
DA:162,1
DA:164,1
DA:165,1
DA:166,1
DA:168,1
DA:169,1
FN:18,System.Void Its.Onix.Core.Applications.ConsoleAppBase::.ctor()
FNDA:9,System.Void Its.Onix.Core.Applications.ConsoleAppBase::.ctor()
DA:19,9
DA:20,9
DA:21,9
LF:100
LH:100
BRF:6
BRH:6
FNF:18
FNH:18
end_of_record